[19:15:40] [main/INFO]: Loading Minecraft 1.21.4 with Fabric Loader 0.16.14
[19:15:40] [main/INFO]: Loading 4 mods:
	- fabricloader 0.16.14
	   \-- mixinextras 0.4.1
	- java 21
	- minecraft 1.21.4
[19:15:40] [main/INFO]: SpongePowered MIXIN Subsystem Version=0.8.7 Source=file:/workspaces/Erick/servidor_minecraft/libraries/net/fabricmc/sponge-mixin/0.15.5+mixin.0.8.7/sponge-mixin-0.15.5+mixin.0.8.7.jar Service=Knot/Fabric Env=SERVER
[19:15:46] [main/INFO]: Environment: Environment[sessionHost=https://sessionserver.mojang.com, servicesHost=https://api.minecraftservices.com, name=PROD]
[19:15:46] [main/INFO]: No existing world data, creating new world
[19:15:47] [main/INFO]: Loaded 1370 recipes
[19:15:47] [main/INFO]: Loaded 1481 advancements
[19:15:47] [Server thread/INFO]: Starting minecraft server version 1.21.4
[19:15:47] [Server thread/INFO]: Loading properties
[19:15:47] [Server thread/INFO]: Default game type: SURVIVAL
[19:15:47] [Server thread/INFO]: Generating keypair
[19:15:47] [Server thread/INFO]: Starting Minecraft server on *:25565
[19:15:47] [Server thread/INFO]: Using epoll channel type
[19:15:48] [Server thread/WARN]: **** SERVER IS RUNNING IN OFFLINE/INSECURE MODE!
[19:15:48] [Server thread/WARN]: The server will make no attempt to authenticate usernames. Beware.
[19:15:48] [Server thread/WARN]: While this makes the game possible to play without internet access, it also opens up the ability for hackers to connect with any username they choose.
[19:15:48] [Server thread/WARN]: To change this, set "online-mode" to "true" in the server.properties file.
[19:15:48] [Server thread/INFO]: Preparing level "world"
[19:15:55] [Server thread/INFO]: Preparing start region for dimension minecraft:overworld
[19:15:55] [Worker-Main-3/INFO]: Preparing spawn area: 2%
[19:15:55] [Worker-Main-1/INFO]: Preparing spawn area: 2%
[19:15:56] [Worker-Main-3/INFO]: Preparing spawn area: 2%
[19:15:56] [Worker-Main-1/INFO]: Preparing spawn area: 2%
[19:15:57] [Worker-Main-1/INFO]: Preparing spawn area: 18%
[19:15:57] [Worker-Main-2/INFO]: Preparing spawn area: 18%
[19:15:58] [Worker-Main-1/INFO]: Preparing spawn area: 18%
[19:15:58] [Worker-Main-1/INFO]: Preparing spawn area: 51%
[19:15:59] [Worker-Main-1/INFO]: Preparing spawn area: 51%
[19:15:59] [Server thread/INFO]: Time elapsed: 4499 ms
[19:15:59] [Server thread/INFO]: Done (11.748s)! For help, type "help"
[19:16:59] [Server thread/INFO]: Server empty for 60 seconds, pausing
